# JRE version: OpenJDK Runtime Environment (17.0.6) (build 17.0.6+0-b2043.56-10027231)
# Java VM: OpenJDK 64-Bit Server VM (17.0.6+0-b2043.56-10027231, mixed mode, tiered, compressed oops, compressed class ptrs, g1 gc, windows-amd64)
GC Precious Log:
 CPUs: 8 total, 8 available
 Memory: 8062M
 Large Page Support: Disabled
 NUMA Support: Disabled
 Compressed Oops: Enabled (32-bit)
 Heap Region Size: 1M
 Heap Min Capacity: 8M
 Heap Initial Capacity: 126M
 Heap Max Capacity: 2G
 Pre-touch: Disabled
 Parallel Workers: 8
 Concurrent Workers: 2
 Concurrent Refinement Workers: 8
 Periodic GC: Disabled
Heap:
 garbage-first heap   total 280576K, used 168104K [0x0000000080000000, 0x0000000100000000)
  region size 1024K, 9 young (9216K), 9 survivors (9216K)
 Metaspace       used 129680K, committed 130432K, reserved 1163264K
  class space    used 16492K, committed 16832K, reserved 1048576K
GC Heap History (20 events):
Event: 10.009 GC heap after
{Heap after GC invocations=33 (full 0):
 garbage-first heap   total 280576K, used 79918K [0x0000000080000000, 0x0000000100000000)
  region size 1024K, 3 young (3072K), 3 survivors (3072K)
 Metaspace       used 72069K, committed 72768K, reserved 1114112K
  class space    used 10076K, committed 10368K, reserved 1048576K
}
Event: 11.760 GC heap before
{Heap before GC invocations=33 (full 0):
 garbage-first heap   total 280576K, used 235566K [0x0000000080000000, 0x0000000100000000)
  region size 1024K, 143 young (146432K), 3 survivors (3072K)
 Metaspace       used 85774K, committed 86464K, reserved 1130496K
  class space    used 11546K, committed 11840K, reserved 1048576K
}
Event: 11.775 GC heap after
{Heap after GC invocations=34 (full 0):
 garbage-first heap   total 280576K, used 102979K [0x0000000080000000, 0x0000000100000000)
  region size 1024K, 18 young (18432K), 18 survivors (18432K)
 Metaspace       used 85774K, committed 86464K, reserved 1130496K
  class space    used 11546K, committed 11840K, reserved 1048576K
}
Event: 13.031 GC heap before
{Heap before GC invocations=34 (full 0):
 garbage-first heap   total 280576K, used 216643K [0x0000000080000000, 0x0000000100000000)
  region size 1024K, 128 young (131072K), 18 survivors (18432K)
 Metaspace       used 94301K, committed 95040K, reserved 1138688K
  class space    used 12547K, committed 12864K, reserved 1048576K
}
Event: 13.051 GC heap after
{Heap after GC invocations=35 (full 0):
 garbage-first heap   total 280576K, used 110905K [0x0000000080000000, 0x0000000100000000)
  region size 1024K, 8 young (8192K), 8 survivors (8192K)
 Metaspace       used 94301K, committed 95040K, reserved 1138688K
  class space    used 12547K, committed 12864K, reserved 1048576K
}
Event: 15.548 GC heap before
{Heap before GC invocations=35 (full 0):
 garbage-first heap   total 280576K, used 222521K [0x0000000080000000, 0x0000000100000000)
  region size 1024K, 117 young (119808K), 8 survivors (8192K)
 Metaspace       used 109386K, committed 110016K, reserved 1146880K
  class space    used 14272K, committed 14528K, reserved 1048576K
}
Event: 15.558 GC heap after
{Heap after GC invocations=36 (full 0):
 garbage-first heap   total 280576K, used 116593K [0x0000000080000000, 0x0000000100000000)
  region size 1024K, 14 young (14336K), 14 survivors (14336K)
 Metaspace       used 109386K, committed 110016K, reserved 1146880K
  class space    used 14272K, committed 14528K, reserved 1048576K
}
Event: 15.644 GC heap before
{Heap before GC invocations=36 (full 0):
 garbage-first heap   total 280576K, used 120689K [0x0000000080000000, 0x0000000100000000)
  region size 1024K, 19 young (19456K), 14 survivors (14336K)
 Metaspace       used 110342K, committed 110976K, reserved 1146880K
  class space    used 14367K, committed 14656K, reserved 1048576K
}
Event: 15.653 GC heap after
{Heap after GC invocations=37 (full 0):
 garbage-first heap   total 280576K, used 117211K [0x0000000080000000, 0x0000000100000000)
  region size 1024K, 7 young (7168K), 7 survivors (7168K)
 Metaspace       used 110342K, committed 110976K, reserved 1146880K
  class space    used 14367K, committed 14656K, reserved 1048576K
}
Event: 20.182 GC heap before
{Heap before GC invocations=38 (full 0):
 garbage-first heap   total 280576K, used 230875K [0x0000000080000000, 0x0000000100000000)
  region size 1024K, 119 young (121856K), 7 survivors (7168K)
 Metaspace       used 125380K, committed 126144K, reserved 1163264K
  class space    used 16084K, committed 16448K, reserved 1048576K
}
Event: 20.195 GC heap after
{Heap after GC invocations=39 (full 0):
 garbage-first heap   total 280576K, used 124098K [0x0000000080000000, 0x0000000100000000)
  region size 1024K, 14 young (14336K), 14 survivors (14336K)
 Metaspace       used 125380K, committed 126144K, reserved 1163264K
  class space    used 16084K, committed 16448K, reserved 1048576K
}
Event: 20.226 GC heap before
{Heap before GC invocations=39 (full 0):
 garbage-first heap   total 280576K, used 125122K [0x0000000080000000, 0x0000000100000000)
  region size 1024K, 15 young (15360K), 14 survivors (14336K)
 Metaspace       used 125422K, committed 126208K, reserved 1163264K
  class space    used 16084K, committed 16448K, reserved 1048576K
}
Event: 20.238 GC heap after
{Heap after GC invocations=40 (full 0):
 garbage-first heap   total 280576K, used 125175K [0x0000000080000000, 0x0000000100000000)
  region size 1024K, 2 young (2048K), 2 survivors (2048K)
 Metaspace       used 125422K, committed 126208K, reserved 1163264K
  class space    used 16084K, committed 16448K, reserved 1048576K
}
Event: 21.440 GC heap before
{Heap before GC invocations=40 (full 0):
 garbage-first heap   total 280576K, used 197879K [0x0000000080000000, 0x0000000100000000)
  region size 1024K, 71 young (72704K), 2 survivors (2048K)
 Metaspace       used 129053K, committed 129856K, reserved 1163264K
  class space    used 16485K, committed 16832K, reserved 1048576K
}
Event: 21.448 GC heap after
{Heap after GC invocations=41 (full 0):
 garbage-first heap   total 280576K, used 134435K [0x0000000080000000, 0x0000000100000000)
  region size 1024K, 8 young (8192K), 8 survivors (8192K)
 Metaspace       used 129053K, committed 129856K, reserved 1163264K
  class space    used 16485K, committed 16832K, reserved 1048576K
}
Event: 21.995 GC heap before
{Heap before GC invocations=42 (full 0):
 garbage-first heap   total 280576K, used 241955K [0x0000000080000000, 0x0000000100000000)
  region size 1024K, 98 young (100352K), 8 survivors (8192K)
 Metaspace       used 129247K, committed 130048K, reserved 1163264K
  class space    used 16485K, committed 16832K, reserved 1048576K
}
Event: 22.014 GC heap after
{Heap after GC invocations=43 (full 0):
 garbage-first heap   total 280576K, used 162024K [0x0000000080000000, 0x0000000100000000)
  region size 1024K, 13 young (13312K), 13 survivors (13312K)
 Metaspace       used 129247K, committed 130048K, reserved 1163264K
  class space    used 16485K, committed 16832K, reserved 1048576K
}
Event: 22.015 GC heap before
{Heap before GC invocations=43 (full 0):
 garbage-first heap   total 280576K, used 163048K [0x0000000080000000, 0x0000000100000000)
  region size 1024K, 14 young (14336K), 13 survivors (13312K)
 Metaspace       used 129247K, committed 130048K, reserved 1163264K
  class space    used 16485K, committed 16832K, reserved 1048576K
}
Event: 22.024 GC heap after
{Heap after GC invocations=44 (full 0):
 garbage-first heap   total 280576K, used 161388K [0x0000000080000000, 0x0000000100000000)
  region size 1024K, 2 young (2048K), 2 survivors (2048K)
 Metaspace       used 129247K, committed 130048K, reserved 1163264K
  class space    used 16485K, committed 16832K, reserved 1048576K
}
Event: 22.376 GC heap before
{Heap before GC invocations=44 (full 0):
 garbage-first heap   total 280576K, used 225900K [0x0000000080000000, 0x0000000100000000)
  region size 1024K, 65 young (66560K), 2 survivors (2048K)
 Metaspace       used 129680K, committed 130432K, reserved 1163264K
  class space    used 16492K, committed 16832K, reserved 1048576K
}

